Flow report for ex6
Wed Nov 20 20:07:52 2013
Quartus II 32-bit Version 12.0 Build 232 07/05/2012 Service Pack 1 SJ Web Edition


---------------------
; Table of Contents ;
---------------------
  1. Legal Notice
  2. Flow Summary
  3. Flow Settings
  4. Flow Non-Default Global Settings
  5. Flow Elapsed Time
  6. Flow OS Summary
  7. Flow Log



----------------
; Legal Notice ;
----------------
Copyright (C) 1991-2012 Altera Corporation
Your use of Altera Corporation's design tools, logic functions 
and other software and tools, and its AMPP partner logic 
functions, and any output files from any of the foregoing 
(including device programming or simulation files), and any 
associated documentation or information are expressly subject 
to the terms and conditions of the Altera Program License 
Subscription Agreement, Altera MegaCore Function License 
Agreement, or other applicable license agreement, including, 
without limitation, that your use is for the sole purpose of 
programming logic devices manufactured by Altera and sold by 
Altera or its authorized distributors.  Please refer to the 
applicable agreement for further details.



+------------------------------------------------------------------------------------+
; Flow Summary                                                                       ;
+------------------------------------+-----------------------------------------------+
; Flow Status                        ; Successful - Wed Nov 20 20:07:52 2013         ;
; Quartus II 32-bit Version          ; 12.0 Build 232 07/05/2012 SP 1 SJ Web Edition ;
; Revision Name                      ; ex6                                           ;
; Top-level Entity Name              ; ex6                                           ;
; Family                             ; Cyclone III                                   ;
; Device                             ; EP3C5E144C8                                   ;
; Timing Models                      ; Final                                         ;
; Total logic elements               ; 70 / 5,136 ( 1 % )                            ;
;     Total combinational functions  ; 69 / 5,136 ( 1 % )                            ;
;     Dedicated logic registers      ; 34 / 5,136 ( < 1 % )                          ;
; Total registers                    ; 34                                            ;
; Total pins                         ; 22 / 95 ( 23 % )                              ;
; Total virtual pins                 ; 0                                             ;
; Total memory bits                  ; 0 / 423,936 ( 0 % )                           ;
; Embedded Multiplier 9-bit elements ; 0 / 46 ( 0 % )                                ;
; Total PLLs                         ; 0 / 2 ( 0 % )                                 ;
+------------------------------------+-----------------------------------------------+


+-----------------------------------------+
; Flow Settings                           ;
+-------------------+---------------------+
; Option            ; Setting             ;
+-------------------+---------------------+
; Start date & time ; 11/20/2013 20:07:33 ;
; Main task         ; Compilation         ;
; Revision Name     ; ex6                 ;
+-------------------+---------------------+


+----------------------------------------------------------------------------------------------------------------------+
; Flow Non-Default Global Settings                                                                                     ;
+--------------------------------------+--------------------------------+---------------+-------------+----------------+
; Assignment Name                      ; Value                          ; Default Value ; Entity Name ; Section Id     ;
+--------------------------------------+--------------------------------+---------------+-------------+----------------+
; COMPILER_SIGNATURE_ID                ; 48549624487393.138494925306852 ; --            ; --          ; --             ;
; EDA_DESIGN_INSTANCE_NAME             ; NA                             ; --            ; --          ; --             ;
; EDA_NATIVELINK_SIMULATION_TEST_BENCH ; ex6                            ; --            ; --          ; eda_simulation ;
; EDA_OUTPUT_DATA_FORMAT               ; Verilog Hdl                    ; --            ; --          ; eda_simulation ;
; EDA_SIMULATION_TOOL                  ; ModelSim-Altera (Verilog)      ; <None>        ; --          ; --             ;
; EDA_TEST_BENCH_ENABLE_STATUS         ; TEST_BENCH_MODE                ; --            ; --          ; eda_simulation ;
; EDA_TEST_BENCH_FILE                  ; simulation/modelsim/ex6.vt     ; --            ; --          ; --             ;
; EDA_TEST_BENCH_MODULE_NAME           ; ex6_vlg_tst                    ; --            ; --          ; --             ;
; EDA_TEST_BENCH_NAME                  ; ex6                            ; --            ; --          ; eda_simulation ;
; EDA_TIME_SCALE                       ; 1 ns                           ; --            ; --          ; eda_simulation ;
; MAX_CORE_JUNCTION_TEMP               ; 85                             ; --            ; --          ; --             ;
; MIN_CORE_JUNCTION_TEMP               ; 0                              ; --            ; --          ; --             ;
; NOMINAL_CORE_SUPPLY_VOLTAGE          ; 1.2V                           ; --            ; --          ; --             ;
; PARTITION_COLOR                      ; 16764057                       ; --            ; --          ; Top            ;
; PARTITION_FITTER_PRESERVATION_LEVEL  ; PLACEMENT_AND_ROUTING          ; --            ; --          ; Top            ;
; PARTITION_NETLIST_TYPE               ; SOURCE                         ; --            ; --          ; Top            ;
+--------------------------------------+--------------------------------+---------------+-------------+----------------+


+-------------------------------------------------------------------------------------------------------------------------------+
; Flow Elapsed Time                                                                                                             ;
+---------------------------+--------------+-------------------------+---------------------+------------------------------------+
; Module Name               ; Elapsed Time ; Average Processors Used ; Peak Virtual Memory ; Total CPU Time (on all processors) ;
+---------------------------+--------------+-------------------------+---------------------+------------------------------------+
; Analysis & Synthesis      ; 00:00:02     ; 1.0                     ; 269 MB              ; 00:00:02                           ;
; Fitter                    ; 00:00:09     ; 1.0                     ; 369 MB              ; 00:00:09                           ;
; Assembler                 ; 00:00:01     ; 1.0                     ; 267 MB              ; 00:00:02                           ;
; TimeQuest Timing Analyzer ; 00:00:03     ; 1.0                     ; 278 MB              ; 00:00:03                           ;
; EDA Netlist Writer        ; 00:00:01     ; 1.0                     ; 242 MB              ; 00:00:01                           ;
; Total                     ; 00:00:16     ; --                      ; --                  ; 00:00:17                           ;
+---------------------------+--------------+-------------------------+---------------------+------------------------------------+


+-----------------------------------------------------------------------------------------+
; Flow OS Summary                                                                         ;
+---------------------------+------------------+------------+------------+----------------+
; Module Name               ; Machine Hostname ; OS Name    ; OS Version ; Processor type ;
+---------------------------+------------------+------------+------------+----------------+
; Analysis & Synthesis      ; 385395ED05A543C  ; Windows XP ; 5.1        ; i686           ;
; Fitter                    ; 385395ED05A543C  ; Windows XP ; 5.1        ; i686           ;
; Assembler                 ; 385395ED05A543C  ; Windows XP ; 5.1        ; i686           ;
; TimeQuest Timing Analyzer ; 385395ED05A543C  ; Windows XP ; 5.1        ; i686           ;
; EDA Netlist Writer        ; 385395ED05A543C  ; Windows XP ; 5.1        ; i686           ;
+---------------------------+------------------+------------+------------+----------------+


------------
; Flow Log ;
------------
quartus_map --read_settings_files=on --write_settings_files=off ex6 -c ex6
quartus_fit --read_settings_files=off --write_settings_files=off ex6 -c ex6
quartus_asm --read_settings_files=off --write_settings_files=off ex6 -c ex6
quartus_sta ex6 -c ex6
quartus_eda --read_settings_files=off --write_settings_files=off ex6 -c ex6



