Analysis & Synthesis report for ex21
Thu Feb 13 22:01:16 2014
Quartus II 32-bit Version 12.0 Build 232 07/05/2012 Service Pack 1 SJ Web Edition


---------------------
; Table of Contents ;
---------------------
  1. Legal Notice
  2. Analysis & Synthesis Summary
  3. Analysis & Synthesis Settings
  4. Parallel Compilation
  5. Analysis & Synthesis Source Files Read
  6. Analysis & Synthesis Resource Usage Summary
  7. Analysis & Synthesis Resource Utilization by Entity
  8. Analysis & Synthesis IP Cores Summary
  9. State Machine - |ex21|cstate
 10. Registers Removed During Synthesis
 11. General Register Statistics
 12. Inverted Register Statistics
 13. Multiplexer Restructuring Statistics (Restructuring Performed)
 14. Source assignments for mydebug:mydebug_inst|altsource_probe:altsource_probe_component|altsource_probe_body:altsource_probe_body_inst|altsource_probe_impl:\wider_source_gen:wider_source_inst
 15. Parameter Settings for User Entity Instance: Top-level Entity: |ex21
 16. Parameter Settings for User Entity Instance: mydebug:mydebug_inst|altsource_probe:altsource_probe_component
 17. Port Connectivity Checks: "mydebug:mydebug_inst"
 18. Elapsed Time Per Partition
 19. Analysis & Synthesis Messages



----------------
; Legal Notice ;
----------------
Copyright (C) 1991-2012 Altera Corporation
Your use of Altera Corporation's design tools, logic functions 
and other software and tools, and its AMPP partner logic 
functions, and any output files from any of the foregoing 
(including device programming or simulation files), and any 
associated documentation or information are expressly subject 
to the terms and conditions of the Altera Program License 
Subscription Agreement, Altera MegaCore Function License 
Agreement, or other applicable license agreement, including, 
without limitation, that your use is for the sole purpose of 
programming logic devices manufactured by Altera and sold by 
Altera or its authorized distributors.  Please refer to the 
applicable agreement for further details.



+------------------------------------------------------------------------------------+
; Analysis & Synthesis Summary                                                       ;
+------------------------------------+-----------------------------------------------+
; Analysis & Synthesis Status        ; Successful - Thu Feb 13 22:01:16 2014         ;
; Quartus II 32-bit Version          ; 12.0 Build 232 07/05/2012 SP 1 SJ Web Edition ;
; Revision Name                      ; ex21                                          ;
; Top-level Entity Name              ; ex21                                          ;
; Family                             ; Cyclone III                                   ;
; Total logic elements               ; 203                                           ;
;     Total combinational functions  ; 184                                           ;
;     Dedicated logic registers      ; 118                                           ;
; Total registers                    ; 118                                           ;
; Total pins                         ; 4                                             ;
; Total virtual pins                 ; 0                                             ;
; Total memory bits                  ; 0                                             ;
; Embedded Multiplier 9-bit elements ; 0                                             ;
; Total PLLs                         ; 0                                             ;
+------------------------------------+-----------------------------------------------+


+----------------------------------------------------------------------------------------------------------------------+
; Analysis & Synthesis Settings                                                                                        ;
+----------------------------------------------------------------------------+--------------------+--------------------+
; Option                                                                     ; Setting            ; Default Value      ;
+----------------------------------------------------------------------------+--------------------+--------------------+
; Device                                                                     ; EP3C5E144C8        ;                    ;
; Top-level entity name                                                      ; ex21               ; ex21               ;
; Family name                                                                ; Cyclone III        ; Cyclone IV GX      ;
; Use smart compilation                                                      ; Off                ; Off                ;
; Enable parallel Assembler and TimeQuest Timing Analyzer during compilation ; On                 ; On                 ;
; Enable compact report table                                                ; Off                ; Off                ;
; Restructure Multiplexers                                                   ; Auto               ; Auto               ;
; Create Debugging Nodes for IP Cores                                        ; Off                ; Off                ;
; Preserve fewer node names                                                  ; On                 ; On                 ;
; Disable OpenCore Plus hardware evaluation                                  ; Off                ; Off                ;
; Verilog Version                                                            ; Verilog_2001       ; Verilog_2001       ;
; VHDL Version                                                               ; VHDL_1993          ; VHDL_1993          ;
; State Machine Processing                                                   ; Auto               ; Auto               ;
; Safe State Machine                                                         ; Off                ; Off                ;
; Extract Verilog State Machines                                             ; On                 ; On                 ;
; Extract VHDL State Machines                                                ; On                 ; On                 ;
; Ignore Verilog initial constructs                                          ; Off                ; Off                ;
; Iteration limit for constant Verilog loops                                 ; 5000               ; 5000               ;
; Iteration limit for non-constant Verilog loops                             ; 250                ; 250                ;
; Add Pass-Through Logic to Inferred RAMs                                    ; On                 ; On                 ;
; Infer RAMs from Raw Logic                                                  ; On                 ; On                 ;
; Parallel Synthesis                                                         ; On                 ; On                 ;
; DSP Block Balancing                                                        ; Auto               ; Auto               ;
; NOT Gate Push-Back                                                         ; On                 ; On                 ;
; Power-Up Don't Care                                                        ; On                 ; On                 ;
; Remove Redundant Logic Cells                                               ; Off                ; Off                ;
; Remove Duplicate Registers                                                 ; On                 ; On                 ;
; Ignore CARRY Buffers                                                       ; Off                ; Off                ;
; Ignore CASCADE Buffers                                                     ; Off                ; Off                ;
; Ignore GLOBAL Buffers                                                      ; Off                ; Off                ;
; Ignore ROW GLOBAL Buffers                                                  ; Off                ; Off                ;
; Ignore LCELL Buffers                                                       ; Off                ; Off                ;
; Ignore SOFT Buffers                                                        ; On                 ; On                 ;
; Limit AHDL Integers to 32 Bits                                             ; Off                ; Off                ;
; Optimization Technique                                                     ; Balanced           ; Balanced           ;
; Carry Chain Length                                                         ; 70                 ; 70                 ;
; Auto Carry Chains                                                          ; On                 ; On                 ;
; Auto Open-Drain Pins                                                       ; On                 ; On                 ;
; Perform WYSIWYG Primitive Resynthesis                                      ; Off                ; Off                ;
; Auto ROM Replacement                                                       ; On                 ; On                 ;
; Auto RAM Replacement                                                       ; On                 ; On                 ;
; Auto DSP Block Replacement                                                 ; On                 ; On                 ;
; Auto Shift Register Replacement                                            ; Auto               ; Auto               ;
; Allow Shift Register Merging across Hierarchies                            ; Auto               ; Auto               ;
; Auto Clock Enable Replacement                                              ; On                 ; On                 ;
; Strict RAM Replacement                                                     ; Off                ; Off                ;
; Allow Synchronous Control Signals                                          ; On                 ; On                 ;
; Force Use of Synchronous Clear Signals                                     ; Off                ; Off                ;
; Auto RAM Block Balancing                                                   ; On                 ; On                 ;
; Auto RAM to Logic Cell Conversion                                          ; Off                ; Off                ;
; Auto Resource Sharing                                                      ; Off                ; Off                ;
; Allow Any RAM Size For Recognition                                         ; Off                ; Off                ;
; Allow Any ROM Size For Recognition                                         ; Off                ; Off                ;
; Allow Any Shift Register Size For Recognition                              ; Off                ; Off                ;
; Use LogicLock Constraints during Resource Balancing                        ; On                 ; On                 ;
; Ignore translate_off and synthesis_off directives                          ; Off                ; Off                ;
; Timing-Driven Synthesis                                                    ; On                 ; On                 ;
; Report Parameter Settings                                                  ; On                 ; On                 ;
; Report Source Assignments                                                  ; On                 ; On                 ;
; Report Connectivity Checks                                                 ; On                 ; On                 ;
; Ignore Maximum Fan-Out Assignments                                         ; Off                ; Off                ;
; Synchronization Register Chain Length                                      ; 2                  ; 2                  ;
; PowerPlay Power Optimization                                               ; Normal compilation ; Normal compilation ;
; HDL message level                                                          ; Level2             ; Level2             ;
; Suppress Register Optimization Related Messages                            ; Off                ; Off                ;
; Number of Removed Registers Reported in Synthesis Report                   ; 5000               ; 5000               ;
; Number of Swept Nodes Reported in Synthesis Report                         ; 5000               ; 5000               ;
; Number of Inverted Registers Reported in Synthesis Report                  ; 100                ; 100                ;
; Clock MUX Protection                                                       ; On                 ; On                 ;
; Auto Gated Clock Conversion                                                ; Off                ; Off                ;
; Block Design Naming                                                        ; Auto               ; Auto               ;
; SDC constraint protection                                                  ; Off                ; Off                ;
; Synthesis Effort                                                           ; Auto               ; Auto               ;
; Shift Register Replacement - Allow Asynchronous Clear Signal               ; On                 ; On                 ;
; Analysis & Synthesis Message Level                                         ; Medium             ; Medium             ;
; Disable Register Merging Across Hierarchies                                ; Auto               ; Auto               ;
; Resource Aware Inference For Block RAM                                     ; On                 ; On                 ;
; Synthesis Seed                                                             ; 1                  ; 1                  ;
+----------------------------------------------------------------------------+--------------------+--------------------+


Parallel compilation was disabled, but you have multiple processors available. Enable parallel compilation to reduce compilation time.
+-------------------------------------+
; Parallel Compilation                ;
+----------------------------+--------+
; Processors                 ; Number ;
+----------------------------+--------+
; Number detected on machine ; 2      ;
; Maximum allowed            ; 1      ;
+----------------------------+--------+


+--------------------------------------------------------------------------------------------------------------------------------------------------------------------------+
; Analysis & Synthesis Source Files Read                                                                                                                                   ;
+----------------------------------+-----------------+------------------------------+----------------------------------------------------------------------------+---------+
; File Name with User-Entered Path ; Used in Netlist ; File Type                    ; File Name with Absolute Path                                               ; Library ;
+----------------------------------+-----------------+------------------------------+----------------------------------------------------------------------------+---------+
; mydebug.v                        ; yes             ; User Wizard-Generated File   ; D:/FpgaExample/ex21/mydebug.v                                              ;         ;
; ex21.v                           ; yes             ; Auto-Found Verilog HDL File  ; D:/FpgaExample/ex21/ex21.v                                                 ;         ;
; altsource_probe.v                ; yes             ; Megafunction                 ; c:/altera/12.0sp1/quartus/libraries/megafunctions/altsource_probe.v        ;         ;
; altsource_probe_body.vhd         ; yes             ; Megafunction                 ; c:/altera/12.0sp1/quartus/libraries/megafunctions/altsource_probe_body.vhd ;         ;
; sld_rom_sr.vhd                   ; yes             ; Encrypted Megafunction       ; c:/altera/12.0sp1/quartus/libraries/megafunctions/sld_rom_sr.vhd           ;         ;
; sld_hub.vhd                      ; yes             ; Encrypted Megafunction       ; c:/altera/12.0sp1/quartus/libraries/megafunctions/sld_hub.vhd              ;         ;
+----------------------------------+-----------------+------------------------------+----------------------------------------------------------------------------+---------+


+------------------------------------------------------------------------+
; Analysis & Synthesis Resource Usage Summary                            ;
+---------------------------------------------+--------------------------+
; Resource                                    ; Usage                    ;
+---------------------------------------------+--------------------------+
; Estimated Total logic elements              ; 203                      ;
;                                             ;                          ;
; Total combinational functions               ; 184                      ;
; Logic element usage by number of LUT inputs ;                          ;
;     -- 4 input functions                    ; 84                       ;
;     -- 3 input functions                    ; 65                       ;
;     -- <=2 input functions                  ; 35                       ;
;                                             ;                          ;
; Logic elements by mode                      ;                          ;
;     -- normal mode                          ; 172                      ;
;     -- arithmetic mode                      ; 12                       ;
;                                             ;                          ;
; Total registers                             ; 118                      ;
;     -- Dedicated logic registers            ; 118                      ;
;     -- I/O registers                        ; 0                        ;
;                                             ;                          ;
; I/O pins                                    ; 4                        ;
; Maximum fan-out node                        ; altera_internal_jtag~TDO ;
; Maximum fan-out                             ; 107                      ;
; Total fan-out                               ; 987                      ;
; Average fan-out                             ; 3.08                     ;
+---------------------------------------------+--------------------------+


+-------------------------------------------------------------------------------------------------------------------------------------------------------------------------------------------------------------------------------------------------------------------------------------------------------------------------------------------------------------------------------------------------------------------------------+
; Analysis & Synthesis Resource Utilization by Entity                                                                                                                                                                                                                                                                                                                                                                           ;
+------------------------------------------------------------------------+-------------------+--------------+-------------+--------------+---------+-----------+------+--------------+---------------------------------------------------------------------------------------------------------------------------------------------------------------------------------------------------------------------------+--------------+
; Compilation Hierarchy Node                                             ; LC Combinationals ; LC Registers ; Memory Bits ; DSP Elements ; DSP 9x9 ; DSP 18x18 ; Pins ; Virtual Pins ; Full Hierarchy Name                                                                                                                                                                                                       ; Library Name ;
+------------------------------------------------------------------------+-------------------+--------------+-------------+--------------+---------+-----------+------+--------------+---------------------------------------------------------------------------------------------------------------------------------------------------------------------------------------------------------------------------+--------------+
; |ex21                                                                  ; 184 (54)          ; 118 (33)     ; 0           ; 0            ; 0       ; 0         ; 4    ; 0            ; |ex21                                                                                                                                                                                                                     ;              ;
;    |mydebug:mydebug_inst|                                              ; 39 (0)            ; 24 (0)       ; 0           ; 0            ; 0       ; 0         ; 0    ; 0            ; |ex21|mydebug:mydebug_inst                                                                                                                                                                                                ;              ;
;       |altsource_probe:altsource_probe_component|                      ; 39 (0)            ; 24 (0)       ; 0           ; 0            ; 0       ; 0         ; 0    ; 0            ; |ex21|mydebug:mydebug_inst|altsource_probe:altsource_probe_component                                                                                                                                                      ;              ;
;          |altsource_probe_body:altsource_probe_body_inst|              ; 39 (4)            ; 24 (0)       ; 0           ; 0            ; 0       ; 0         ; 0    ; 0            ; |ex21|mydebug:mydebug_inst|altsource_probe:altsource_probe_component|altsource_probe_body:altsource_probe_body_inst                                                                                                       ;              ;
;             |altsource_probe_impl:\wider_source_gen:wider_source_inst| ; 35 (22)           ; 24 (17)      ; 0           ; 0            ; 0       ; 0         ; 0    ; 0            ; |ex21|mydebug:mydebug_inst|altsource_probe:altsource_probe_component|altsource_probe_body:altsource_probe_body_inst|altsource_probe_impl:\wider_source_gen:wider_source_inst                                              ;              ;
;                |sld_rom_sr:\no_instance_id_gen:rom_info_inst|          ; 13 (13)           ; 7 (7)        ; 0           ; 0            ; 0       ; 0         ; 0    ; 0            ; |ex21|mydebug:mydebug_inst|altsource_probe:altsource_probe_component|altsource_probe_body:altsource_probe_body_inst|altsource_probe_impl:\wider_source_gen:wider_source_inst|sld_rom_sr:\no_instance_id_gen:rom_info_inst ;              ;
;    |sld_hub:auto_hub|                                                  ; 91 (54)           ; 61 (33)      ; 0           ; 0            ; 0       ; 0         ; 0    ; 0            ; |ex21|sld_hub:auto_hub                                                                                                                                                                                                    ;              ;
;       |sld_rom_sr:hub_info_reg|                                        ; 20 (20)           ; 9 (9)        ; 0           ; 0            ; 0       ; 0         ; 0    ; 0            ; |ex21|sld_hub:auto_hub|sld_rom_sr:hub_info_reg                                                                                                                                                                            ;              ;
;       |sld_shadow_jsm:shadow_jsm|                                      ; 17 (17)           ; 19 (19)      ; 0           ; 0            ; 0       ; 0         ; 0    ; 0            ; |ex21|sld_hub:auto_hub|sld_shadow_jsm:shadow_jsm                                                                                                                                                                          ;              ;
+------------------------------------------------------------------------+-------------------+--------------+-------------+--------------+---------+-----------+------+--------------+---------------------------------------------------------------------------------------------------------------------------------------------------------------------------------------------------------------------------+--------------+
Note: For table entries with two numbers listed, the numbers in parentheses indicate the number of resources of the given type used by the specific entity alone. The numbers listed outside of parentheses indicate the total resources of the given type used by the specific entity and all of its sub-entities in the hierarchy.


+--------------------------------------------------------------------------------------------------------------------------------------------+
; Analysis & Synthesis IP Cores Summary                                                                                                      ;
+--------+------------------------------+---------+--------------+--------------+----------------------------+-------------------------------+
; Vendor ; IP Core Name                 ; Version ; Release Date ; License Type ; Entity Instance            ; IP Include File               ;
+--------+------------------------------+---------+--------------+--------------+----------------------------+-------------------------------+
; Altera ; In-System Sources and Probes ; 12.0    ; N/A          ; N/A          ; |ex21|mydebug:mydebug_inst ; D:/FpgaExample/ex21/mydebug.v ;
+--------+------------------------------+---------+--------------+--------------+----------------------------+-------------------------------+


Encoding Type:  One-Hot
+-----------------------------------------------------------------------------------------------------------------------------------------------------------+
; State Machine - |ex21|cstate                                                                                                                              ;
+--------------+-------------+-------------+-------------+-------------+-------------+-------------+-------------+-------------+--------------+-------------+
; Name         ; cstate.STOP ; cstate.ACK4 ; cstate.ACK3 ; cstate.LSBI ; cstate.ACK2 ; cstate.CMSB ; cstate.ACK1 ; cstate.ADDR ; cstate.START ; cstate.IDLE ;
+--------------+-------------+-------------+-------------+-------------+-------------+-------------+-------------+-------------+--------------+-------------+
; cstate.IDLE  ; 0           ; 0           ; 0           ; 0           ; 0           ; 0           ; 0           ; 0           ; 0            ; 0           ;
; cstate.START ; 0           ; 0           ; 0           ; 0           ; 0           ; 0           ; 0           ; 0           ; 1            ; 1           ;
; cstate.ADDR  ; 0           ; 0           ; 0           ; 0           ; 0           ; 0           ; 0           ; 1           ; 0            ; 1           ;
; cstate.ACK1  ; 0           ; 0           ; 0           ; 0           ; 0           ; 0           ; 1           ; 0           ; 0            ; 1           ;
; cstate.CMSB  ; 0           ; 0           ; 0           ; 0           ; 0           ; 1           ; 0           ; 0           ; 0            ; 1           ;
; cstate.ACK2  ; 0           ; 0           ; 0           ; 0           ; 1           ; 0           ; 0           ; 0           ; 0            ; 1           ;
; cstate.LSBI  ; 0           ; 0           ; 0           ; 1           ; 0           ; 0           ; 0           ; 0           ; 0            ; 1           ;
; cstate.ACK3  ; 0           ; 0           ; 1           ; 0           ; 0           ; 0           ; 0           ; 0           ; 0            ; 1           ;
; cstate.ACK4  ; 0           ; 1           ; 0           ; 0           ; 0           ; 0           ; 0           ; 0           ; 0            ; 1           ;
; cstate.STOP  ; 1           ; 0           ; 0           ; 0           ; 0           ; 0           ; 0           ; 0           ; 0            ; 1           ;
+--------------+-------------+-------------+-------------+-------------+-------------+-------------+-------------+-------------+--------------+-------------+


+------------------------------------------------------------+
; Registers Removed During Synthesis                         ;
+---------------------------------------+--------------------+
; Register name                         ; Reason for Removal ;
+---------------------------------------+--------------------+
; cstate~4                              ; Lost fanout        ;
; cstate~5                              ; Lost fanout        ;
; cstate~6                              ; Lost fanout        ;
; cstate~7                              ; Lost fanout        ;
; Total Number of Removed Registers = 4 ;                    ;
+---------------------------------------+--------------------+


+------------------------------------------------------+
; General Register Statistics                          ;
+----------------------------------------------+-------+
; Statistic                                    ; Value ;
+----------------------------------------------+-------+
; Total registers                              ; 118   ;
; Number of registers using Synchronous Clear  ; 21    ;
; Number of registers using Synchronous Load   ; 3     ;
; Number of registers using Asynchronous Clear ; 72    ;
; Number of registers using Asynchronous Load  ; 0     ;
; Number of registers using Clock Enable       ; 51    ;
; Number of registers using Preset             ; 0     ;
+----------------------------------------------+-------+


+--------------------------------------------------+
; Inverted Register Statistics                     ;
+----------------------------------------+---------+
; Inverted Register                      ; Fan out ;
+----------------------------------------+---------+
; sdar                                   ; 3       ;
; sdlink                                 ; 2       ;
; sld_hub:auto_hub|tdo                   ; 2       ;
; Total number of inverted registers = 3 ;         ;
+----------------------------------------+---------+


+-------------------------------------------------------------------------------------------------------------------------------------------------------------------------------------------------------------------------------------------------------------------------------------------------------------------------------------------------------------------------+
; Multiplexer Restructuring Statistics (Restructuring Performed)                                                                                                                                                                                                                                                                                                          ;
+--------------------+-----------+---------------+----------------------+------------------------+-------------------------------------------------------------------------------------------------------------------------------------------------------------------------------------------------------------------------------------------+----------------------------+
; Multiplexer Inputs ; Bus Width ; Baseline Area ; Area if Restructured ; Saving if Restructured ; Registered                                                                                                                                                                                                                                ; Example Multiplexer Output ;
+--------------------+-----------+---------------+----------------------+------------------------+-------------------------------------------------------------------------------------------------------------------------------------------------------------------------------------------------------------------------------------------+----------------------------+
; 3:1                ; 8 bits    ; 16 LEs        ; 8 LEs                ; 8 LEs                  ; |ex21|mydebug:mydebug_inst|altsource_probe:altsource_probe_component|altsource_probe_body:altsource_probe_body_inst|altsource_probe_impl:\wider_source_gen:wider_source_inst|hold_reg[0]                                                  ;                            ;
; 3:1                ; 3 bits    ; 6 LEs         ; 3 LEs                ; 3 LEs                  ; |ex21|bcnt[0]                                                                                                                                                                                                                             ;                            ;
; 4:1                ; 7 bits    ; 14 LEs        ; 7 LEs                ; 7 LEs                  ; |ex21|mydebug:mydebug_inst|altsource_probe:altsource_probe_component|altsource_probe_body:altsource_probe_body_inst|altsource_probe_impl:\wider_source_gen:wider_source_inst|shift_reg[1]                                                 ;                            ;
; 5:1                ; 3 bits    ; 9 LEs         ; 3 LEs                ; 6 LEs                  ; |ex21|mydebug:mydebug_inst|altsource_probe:altsource_probe_component|altsource_probe_body:altsource_probe_body_inst|altsource_probe_impl:\wider_source_gen:wider_source_inst|sld_rom_sr:\no_instance_id_gen:rom_info_inst|word_counter[2] ;                            ;
; 9:1                ; 4 bits    ; 24 LEs        ; 16 LEs               ; 8 LEs                  ; |ex21|mydebug:mydebug_inst|altsource_probe:altsource_probe_component|altsource_probe_body:altsource_probe_body_inst|altsource_probe_impl:\wider_source_gen:wider_source_inst|sld_rom_sr:\no_instance_id_gen:rom_info_inst|WORD_SR[1]      ;                            ;
+--------------------+-----------+---------------+----------------------+------------------------+-------------------------------------------------------------------------------------------------------------------------------------------------------------------------------------------------------------------------------------------+----------------------------+


+-----------------------------------------------------------------------------------------------------------------------------------------------------------------------------------------------+
; Source assignments for mydebug:mydebug_inst|altsource_probe:altsource_probe_component|altsource_probe_body:altsource_probe_body_inst|altsource_probe_impl:\wider_source_gen:wider_source_inst ;
+---------------------------------+-------+------+----------------------------------------------------------------------------------------------------------------------------------------------+
; Assignment                      ; Value ; From ; To                                                                                                                                           ;
+---------------------------------+-------+------+----------------------------------------------------------------------------------------------------------------------------------------------+
; NOT_GATE_PUSH_BACK              ; OFF   ; -    ; -                                                                                                                                            ;
; POWER_UP_LEVEL                  ; LOW   ; -    ; -                                                                                                                                            ;
; AUTO_SHIFT_REGISTER_RECOGNITION ; OFF   ; -    ; -                                                                                                                                            ;
; AUTO_CLOCK_ENABLE_RECOGNITION   ; OFF   ; -    ; hold_reg[0]                                                                                                                                  ;
; AUTO_CLOCK_ENABLE_RECOGNITION   ; OFF   ; -    ; hold_reg[7]                                                                                                                                  ;
; AUTO_CLOCK_ENABLE_RECOGNITION   ; OFF   ; -    ; hold_reg[6]                                                                                                                                  ;
; AUTO_CLOCK_ENABLE_RECOGNITION   ; OFF   ; -    ; hold_reg[5]                                                                                                                                  ;
; AUTO_CLOCK_ENABLE_RECOGNITION   ; OFF   ; -    ; hold_reg[4]                                                                                                                                  ;
; AUTO_CLOCK_ENABLE_RECOGNITION   ; OFF   ; -    ; hold_reg[3]                                                                                                                                  ;
; AUTO_CLOCK_ENABLE_RECOGNITION   ; OFF   ; -    ; hold_reg[2]                                                                                                                                  ;
; AUTO_CLOCK_ENABLE_RECOGNITION   ; OFF   ; -    ; hold_reg[1]                                                                                                                                  ;
+---------------------------------+-------+------+----------------------------------------------------------------------------------------------------------------------------------------------+


+----------------------------------------------------------------------+
; Parameter Settings for User Entity Instance: Top-level Entity: |ex21 ;
+----------------+----------+------------------------------------------+
; Parameter Name ; Value    ; Type                                     ;
+----------------+----------+------------------------------------------+
; IDLE           ; 0000     ; Unsigned Binary                          ;
; START          ; 0001     ; Unsigned Binary                          ;
; ADDR           ; 0010     ; Unsigned Binary                          ;
; ACK1           ; 0011     ; Unsigned Binary                          ;
; CMSB           ; 0100     ; Unsigned Binary                          ;
; ACK2           ; 0101     ; Unsigned Binary                          ;
; LSBI           ; 0110     ; Unsigned Binary                          ;
; ACK3           ; 0111     ; Unsigned Binary                          ;
; ACK4           ; 1000     ; Unsigned Binary                          ;
; STOP           ; 1001     ; Unsigned Binary                          ;
; DEVICE_ADDR    ; 10011000 ; Unsigned Binary                          ;
+----------------+----------+------------------------------------------+
Note: In order to hide this table in the UI and the text report file, please set the "Show Parameter Settings in Synthesis Report" option in "Analysis and Synthesis Settings -> More Settings" to "Off".


+-------------------------------------------------------------------------------------------------------------+
; Parameter Settings for User Entity Instance: mydebug:mydebug_inst|altsource_probe:altsource_probe_component ;
+-------------------------+-----------------+-----------------------------------------------------------------+
; Parameter Name          ; Value           ; Type                                                            ;
+-------------------------+-----------------+-----------------------------------------------------------------+
; lpm_type                ; altsource_probe ; String                                                          ;
; lpm_hint                ; UNUSED          ; String                                                          ;
; sld_auto_instance_index ; YES             ; String                                                          ;
; sld_instance_index      ; 0               ; Signed Integer                                                  ;
; SLD_NODE_INFO           ; 4746752         ; Signed Integer                                                  ;
; sld_ir_width            ; 4               ; Signed Integer                                                  ;
; instance_id             ; NONE            ; String                                                          ;
; probe_width             ; 0               ; Signed Integer                                                  ;
; source_width            ; 8               ; Signed Integer                                                  ;
; source_initial_value    ;  0              ; String                                                          ;
; enable_metastability    ; NO              ; String                                                          ;
+-------------------------+-----------------+-----------------------------------------------------------------+
Note: In order to hide this table in the UI and the text report file, please set the "Show Parameter Settings in Synthesis Report" option in "Analysis and Synthesis Settings -> More Settings" to "Off".


+---------------------------------------------------+
; Port Connectivity Checks: "mydebug:mydebug_inst"  ;
+-------+-------+----------+------------------------+
; Port  ; Type  ; Severity ; Details                ;
+-------+-------+----------+------------------------+
; probe ; Input ; Info     ; Explicitly unconnected ;
+-------+-------+----------+------------------------+


+-------------------------------+
; Elapsed Time Per Partition    ;
+----------------+--------------+
; Partition Name ; Elapsed Time ;
+----------------+--------------+
; Top            ; 00:00:01     ;
+----------------+--------------+


+-------------------------------+
; Analysis & Synthesis Messages ;
+-------------------------------+
Info: *******************************************************************
Info: Running Quartus II 32-bit Analysis & Synthesis
    Info: Version 12.0 Build 232 07/05/2012 Service Pack 1 SJ Web Edition
    Info: Processing started: Thu Feb 13 22:01:12 2014
Info: Command: quartus_map --read_settings_files=on --write_settings_files=off ex21 -c ex21
Warning (20028): Parallel compilation is not licensed and has been disabled
Info (12021): Found 1 design units, including 1 entities, in source file mydebug.v
    Info (12023): Found entity 1: mydebug
Warning (12125): Using design file ex21.v, which is not specified as a design file for the current project, but contains definitions for 1 design units and 1 entities in project
    Info (12023): Found entity 1: ex21
Info (12127): Elaborating entity "ex21" for the top level hierarchy
Info (10264): Verilog HDL Case Statement information at ex21.v(143): all case item expressions in this case statement are onehot
Info (12128): Elaborating entity "mydebug" for hierarchy "mydebug:mydebug_inst"
Info (12128): Elaborating entity "altsource_probe" for hierarchy "mydebug:mydebug_inst|altsource_probe:altsource_probe_component"
Info (12130): Elaborated megafunction instantiation "mydebug:mydebug_inst|altsource_probe:altsource_probe_component"
Info (12133): Instantiated megafunction "mydebug:mydebug_inst|altsource_probe:altsource_probe_component" with the following parameter:
    Info (12134): Parameter "enable_metastability" = "NO"
    Info (12134): Parameter "instance_id" = "NONE"
    Info (12134): Parameter "probe_width" = "0"
    Info (12134): Parameter "sld_auto_instance_index" = "YES"
    Info (12134): Parameter "sld_instance_index" = "0"
    Info (12134): Parameter "source_initial_value" = " 0"
    Info (12134): Parameter "source_width" = "8"
Info (12128): Elaborating entity "altsource_probe_body" for hierarchy "mydebug:mydebug_inst|altsource_probe:altsource_probe_component|altsource_probe_body:altsource_probe_body_inst"
Info (12128): Elaborating entity "altsource_probe_impl" for hierarchy "mydebug:mydebug_inst|altsource_probe:altsource_probe_component|altsource_probe_body:altsource_probe_body_inst|altsource_probe_impl:\wider_source_gen:wider_source_inst"
Info (12128): Elaborating entity "sld_rom_sr" for hierarchy "mydebug:mydebug_inst|altsource_probe:altsource_probe_component|altsource_probe_body:altsource_probe_body_inst|altsource_probe_impl:\wider_source_gen:wider_source_inst|sld_rom_sr:\no_instance_id_gen:rom_info_inst"
Warning (12010): Port "probe" on the entity instantiation of "altsource_probe_component" is connected to a signal of width 1. The formal width of the signal in the module is 2.  The extra bits will be driven by GND.
Info (13000): Registers with preset signals will power-up high
Info (13003): DEV_CLRn pin will set, and not reset, register with preset signal due to NOT Gate Push-Back
Info (286031): Timing-Driven Synthesis is running on partition "Top"
Info (17049): 4 registers lost all their fanouts during netlist optimizations.
Info (16010): Generating hard_block partition "hard_block:auto_generated_inst"
    Info (16011): Adding 0 node(s), including 0 DDIO, 0 PLL, 0 transceiver and 0 LCELL
Info (21057): Implemented 216 device resources after synthesis - the final resource count might be different
    Info (21058): Implemented 5 input pins
    Info (21059): Implemented 2 output pins
    Info (21060): Implemented 1 bidirectional pins
    Info (21061): Implemented 207 logic cells
Info: Quartus II 32-bit Analysis & Synthesis was successful. 0 errors, 3 warnings
    Info: Peak virtual memory: 300 megabytes
    Info: Processing ended: Thu Feb 13 22:01:16 2014
    Info: Elapsed time: 00:00:04
    Info: Total CPU time (on all processors): 00:00:04


