Flow report for ex21
Thu Feb 13 22:01:41 2014
Quartus II 32-bit Version 12.0 Build 232 07/05/2012 Service Pack 1 SJ Web Edition


---------------------
; Table of Contents ;
---------------------
  1. Legal Notice
  2. Flow Summary
  3. Flow Settings
  4. Flow Non-Default Global Settings
  5. Flow Elapsed Time
  6. Flow OS Summary
  7. Flow Log



----------------
; Legal Notice ;
----------------
Copyright (C) 1991-2012 Altera Corporation
Your use of Altera Corporation's design tools, logic functions 
and other software and tools, and its AMPP partner logic 
functions, and any output files from any of the foregoing 
(including device programming or simulation files), and any 
associated documentation or information are expressly subject 
to the terms and conditions of the Altera Program License 
Subscription Agreement, Altera MegaCore Function License 
Agreement, or other applicable license agreement, including, 
without limitation, that your use is for the sole purpose of 
programming logic devices manufactured by Altera and sold by 
Altera or its authorized distributors.  Please refer to the 
applicable agreement for further details.



+------------------------------------------------------------------------------------+
; Flow Summary                                                                       ;
+------------------------------------+-----------------------------------------------+
; Flow Status                        ; Successful - Thu Feb 13 22:01:41 2014         ;
; Quartus II 32-bit Version          ; 12.0 Build 232 07/05/2012 SP 1 SJ Web Edition ;
; Revision Name                      ; ex21                                          ;
; Top-level Entity Name              ; ex21                                          ;
; Family                             ; Cyclone III                                   ;
; Device                             ; EP3C5E144C8                                   ;
; Timing Models                      ; Final                                         ;
; Total logic elements               ; 196 / 5,136 ( 4 % )                           ;
;     Total combinational functions  ; 184 / 5,136 ( 4 % )                           ;
;     Dedicated logic registers      ; 118 / 5,136 ( 2 % )                           ;
; Total registers                    ; 118                                           ;
; Total pins                         ; 4 / 95 ( 4 % )                                ;
; Total virtual pins                 ; 0                                             ;
; Total memory bits                  ; 0 / 423,936 ( 0 % )                           ;
; Embedded Multiplier 9-bit elements ; 0 / 46 ( 0 % )                                ;
; Total PLLs                         ; 0 / 2 ( 0 % )                                 ;
+------------------------------------+-----------------------------------------------+


+-----------------------------------------+
; Flow Settings                           ;
+-------------------+---------------------+
; Option            ; Setting             ;
+-------------------+---------------------+
; Start date & time ; 02/13/2014 22:01:12 ;
; Main task         ; Compilation         ;
; Revision Name     ; ex21                ;
+-------------------+---------------------+


+---------------------------------------------------------------------------------------------------------------------+
; Flow Non-Default Global Settings                                                                                    ;
+-------------------------------------+--------------------------------+---------------+-------------+----------------+
; Assignment Name                     ; Value                          ; Default Value ; Entity Name ; Section Id     ;
+-------------------------------------+--------------------------------+---------------+-------------+----------------+
; COMPILER_SIGNATURE_ID               ; 48549624487393.139230007201016 ; --            ; --          ; --             ;
; EDA_OUTPUT_DATA_FORMAT              ; Verilog Hdl                    ; --            ; --          ; eda_simulation ;
; EDA_SIMULATION_TOOL                 ; ModelSim-Altera (Verilog)      ; <None>        ; --          ; --             ;
; IP_TOOL_NAME                        ; In-System Sources and Probes   ; --            ; --          ; --             ;
; IP_TOOL_VERSION                     ; 12.0                           ; --            ; --          ; --             ;
; MAX_CORE_JUNCTION_TEMP              ; 85                             ; --            ; --          ; --             ;
; MIN_CORE_JUNCTION_TEMP              ; 0                              ; --            ; --          ; --             ;
; MISC_FILE                           ; mydebug_inst.v                 ; --            ; --          ; --             ;
; MISC_FILE                           ; mydebug_bb.v                   ; --            ; --          ; --             ;
; NOMINAL_CORE_SUPPLY_VOLTAGE         ; 1.2V                           ; --            ; --          ; --             ;
; PARTITION_COLOR                     ; 16764057                       ; --            ; --          ; Top            ;
; PARTITION_FITTER_PRESERVATION_LEVEL ; PLACEMENT_AND_ROUTING          ; --            ; --          ; Top            ;
; PARTITION_NETLIST_TYPE              ; SOURCE                         ; --            ; --          ; Top            ;
+-------------------------------------+--------------------------------+---------------+-------------+----------------+


+-------------------------------------------------------------------------------------------------------------------------------+
; Flow Elapsed Time                                                                                                             ;
+---------------------------+--------------+-------------------------+---------------------+------------------------------------+
; Module Name               ; Elapsed Time ; Average Processors Used ; Peak Virtual Memory ; Total CPU Time (on all processors) ;
+---------------------------+--------------+-------------------------+---------------------+------------------------------------+
; Analysis & Synthesis      ; 00:00:04     ; 1.0                     ; 300 MB              ; 00:00:04                           ;
; Fitter                    ; 00:00:13     ; 1.0                     ; 372 MB              ; 00:00:10                           ;
; Assembler                 ; 00:00:04     ; 1.0                     ; 271 MB              ; 00:00:02                           ;
; TimeQuest Timing Analyzer ; 00:00:05     ; 1.0                     ; 270 MB              ; 00:00:03                           ;
; EDA Netlist Writer        ; 00:00:01     ; 1.0                     ; 237 MB              ; 00:00:02                           ;
; Total                     ; 00:00:27     ; --                      ; --                  ; 00:00:21                           ;
+---------------------------+--------------+-------------------------+---------------------+------------------------------------+


+-----------------------------------------------------------------------------------------+
; Flow OS Summary                                                                         ;
+---------------------------+------------------+------------+------------+----------------+
; Module Name               ; Machine Hostname ; OS Name    ; OS Version ; Processor type ;
+---------------------------+------------------+------------+------------+----------------+
; Analysis & Synthesis      ; 385395ED05A543C  ; Windows XP ; 5.1        ; i686           ;
; Fitter                    ; 385395ED05A543C  ; Windows XP ; 5.1        ; i686           ;
; Assembler                 ; 385395ED05A543C  ; Windows XP ; 5.1        ; i686           ;
; TimeQuest Timing Analyzer ; 385395ED05A543C  ; Windows XP ; 5.1        ; i686           ;
; EDA Netlist Writer        ; 385395ED05A543C  ; Windows XP ; 5.1        ; i686           ;
+---------------------------+------------------+------------+------------+----------------+


------------
; Flow Log ;
------------
quartus_map --read_settings_files=on --write_settings_files=off ex21 -c ex21
quartus_fit --read_settings_files=off --write_settings_files=off ex21 -c ex21
quartus_asm --read_settings_files=off --write_settings_files=off ex21 -c ex21
quartus_sta ex21 -c ex21
quartus_eda --read_settings_files=off --write_settings_files=off ex21 -c ex21



