Flow report for ex23
Sun Mar 02 20:10:52 2014
Quartus II 32-bit Version 12.0 Build 232 07/05/2012 Service Pack 1 SJ Web Edition


---------------------
; Table of Contents ;
---------------------
  1. Legal Notice
  2. Flow Summary
  3. Flow Settings
  4. Flow Non-Default Global Settings
  5. Flow Elapsed Time
  6. Flow OS Summary
  7. Flow Log



----------------
; Legal Notice ;
----------------
Copyright (C) 1991-2012 Altera Corporation
Your use of Altera Corporation's design tools, logic functions 
and other software and tools, and its AMPP partner logic 
functions, and any output files from any of the foregoing 
(including device programming or simulation files), and any 
associated documentation or information are expressly subject 
to the terms and conditions of the Altera Program License 
Subscription Agreement, Altera MegaCore Function License 
Agreement, or other applicable license agreement, including, 
without limitation, that your use is for the sole purpose of 
programming logic devices manufactured by Altera and sold by 
Altera or its authorized distributors.  Please refer to the 
applicable agreement for further details.



+------------------------------------------------------------------------------------+
; Flow Summary                                                                       ;
+------------------------------------+-----------------------------------------------+
; Flow Status                        ; Successful - Sun Mar 02 20:10:52 2014         ;
; Quartus II 32-bit Version          ; 12.0 Build 232 07/05/2012 SP 1 SJ Web Edition ;
; Revision Name                      ; ex23                                          ;
; Top-level Entity Name              ; ex23                                          ;
; Family                             ; Cyclone III                                   ;
; Device                             ; EP3C5E144C8                                   ;
; Timing Models                      ; Final                                         ;
; Total logic elements               ; 896 / 5,136 ( 17 % )                          ;
;     Total combinational functions  ; 685 / 5,136 ( 13 % )                          ;
;     Dedicated logic registers      ; 619 / 5,136 ( 12 % )                          ;
; Total registers                    ; 619                                           ;
; Total pins                         ; 72 / 95 ( 76 % )                              ;
; Total virtual pins                 ; 0                                             ;
; Total memory bits                  ; 22,528 / 423,936 ( 5 % )                      ;
; Embedded Multiplier 9-bit elements ; 0 / 46 ( 0 % )                                ;
; Total PLLs                         ; 1 / 2 ( 50 % )                                ;
+------------------------------------+-----------------------------------------------+


+-----------------------------------------+
; Flow Settings                           ;
+-------------------+---------------------+
; Option            ; Setting             ;
+-------------------+---------------------+
; Start date & time ; 03/02/2014 20:10:07 ;
; Main task         ; Compilation         ;
; Revision Name     ; ex23                ;
+-------------------+---------------------+


+---------------------------------------------------------------------------------------------------------------------+
; Flow Non-Default Global Settings                                                                                    ;
+-------------------------------------+--------------------------------+---------------+-------------+----------------+
; Assignment Name                     ; Value                          ; Default Value ; Entity Name ; Section Id     ;
+-------------------------------------+--------------------------------+---------------+-------------+----------------+
; COMPILER_SIGNATURE_ID               ; 48549624487393.139376220705612 ; --            ; --          ; --             ;
; EDA_OUTPUT_DATA_FORMAT              ; Vhdl                           ; --            ; --          ; eda_simulation ;
; EDA_SIMULATION_TOOL                 ; ModelSim-Altera (VHDL)         ; <None>        ; --          ; --             ;
; IP_TOOL_NAME                        ; ALTPLL                         ; --            ; --          ; --             ;
; IP_TOOL_NAME                        ; ROM: 1-PORT                    ; --            ; --          ; --             ;
; IP_TOOL_NAME                        ; FIFO                           ; --            ; --          ; --             ;
; IP_TOOL_NAME                        ; FIFO                           ; --            ; --          ; --             ;
; IP_TOOL_NAME                        ; FIFO                           ; --            ; --          ; --             ;
; IP_TOOL_VERSION                     ; 12.0                           ; --            ; --          ; --             ;
; IP_TOOL_VERSION                     ; 12.0                           ; --            ; --          ; --             ;
; IP_TOOL_VERSION                     ; 12.0                           ; --            ; --          ; --             ;
; IP_TOOL_VERSION                     ; 12.0                           ; --            ; --          ; --             ;
; IP_TOOL_VERSION                     ; 12.0                           ; --            ; --          ; --             ;
; MAX_CORE_JUNCTION_TEMP              ; 85                             ; --            ; --          ; --             ;
; MIN_CORE_JUNCTION_TEMP              ; 0                              ; --            ; --          ; --             ;
; MISC_FILE                           ; mypll_inst.v                   ; --            ; --          ; --             ;
; MISC_FILE                           ; mypll_bb.v                     ; --            ; --          ; --             ;
; MISC_FILE                           ; mypll.ppf                      ; --            ; --          ; --             ;
; MISC_FILE                           ; iic_initrom_inst.v             ; --            ; --          ; --             ;
; MISC_FILE                           ; iic_initrom_bb.v               ; --            ; --          ; --             ;
; MISC_FILE                           ; video_fifo_inst.v              ; --            ; --          ; --             ;
; MISC_FILE                           ; video_fifo_bb.v                ; --            ; --          ; --             ;
; MISC_FILE                           ; rdfifo_inst.v                  ; --            ; --          ; --             ;
; MISC_FILE                           ; rdfifo_bb.v                    ; --            ; --          ; --             ;
; MISC_FILE                           ; wrfifo_inst.v                  ; --            ; --          ; --             ;
; MISC_FILE                           ; wrfifo_bb.v                    ; --            ; --          ; --             ;
; NOMINAL_CORE_SUPPLY_VOLTAGE         ; 1.2V                           ; --            ; --          ; --             ;
; PARTITION_COLOR                     ; 16764057                       ; --            ; --          ; Top            ;
; PARTITION_FITTER_PRESERVATION_LEVEL ; PLACEMENT_AND_ROUTING          ; --            ; --          ; Top            ;
; PARTITION_NETLIST_TYPE              ; SOURCE                         ; --            ; --          ; Top            ;
+-------------------------------------+--------------------------------+---------------+-------------+----------------+


+-------------------------------------------------------------------------------------------------------------------------------+
; Flow Elapsed Time                                                                                                             ;
+---------------------------+--------------+-------------------------+---------------------+------------------------------------+
; Module Name               ; Elapsed Time ; Average Processors Used ; Peak Virtual Memory ; Total CPU Time (on all processors) ;
+---------------------------+--------------+-------------------------+---------------------+------------------------------------+
; Analysis & Synthesis      ; 00:00:08     ; 1.0                     ; 302 MB              ; 00:00:07                           ;
; Fitter                    ; 00:00:20     ; 1.0                     ; 390 MB              ; 00:00:18                           ;
; Assembler                 ; 00:00:03     ; 1.0                     ; 283 MB              ; 00:00:02                           ;
; TimeQuest Timing Analyzer ; 00:00:08     ; 1.0                     ; 279 MB              ; 00:00:05                           ;
; EDA Netlist Writer        ; 00:00:03     ; 1.0                     ; 252 MB              ; 00:00:03                           ;
; Total                     ; 00:00:42     ; --                      ; --                  ; 00:00:35                           ;
+---------------------------+--------------+-------------------------+---------------------+------------------------------------+


+-----------------------------------------------------------------------------------------+
; Flow OS Summary                                                                         ;
+---------------------------+------------------+------------+------------+----------------+
; Module Name               ; Machine Hostname ; OS Name    ; OS Version ; Processor type ;
+---------------------------+------------------+------------+------------+----------------+
; Analysis & Synthesis      ; 385395ED05A543C  ; Windows XP ; 5.1        ; i686           ;
; Fitter                    ; 385395ED05A543C  ; Windows XP ; 5.1        ; i686           ;
; Assembler                 ; 385395ED05A543C  ; Windows XP ; 5.1        ; i686           ;
; TimeQuest Timing Analyzer ; 385395ED05A543C  ; Windows XP ; 5.1        ; i686           ;
; EDA Netlist Writer        ; 385395ED05A543C  ; Windows XP ; 5.1        ; i686           ;
+---------------------------+------------------+------------+------------+----------------+


------------
; Flow Log ;
------------
quartus_map --read_settings_files=on --write_settings_files=off ex23 -c ex23
quartus_fit --read_settings_files=off --write_settings_files=off ex23 -c ex23
quartus_asm --read_settings_files=off --write_settings_files=off ex23 -c ex23
quartus_sta ex23 -c ex23
quartus_eda --read_settings_files=off --write_settings_files=off ex23 -c ex23



